Flutter crash report.
Please report a bug at https://github.com/flutter/flutter/issues.

## command

flutter run --machine --start-paused -d chrome --devtools-server-address http://127.0.0.1:9100/ --target A:\Projects\new_smart_city\lib\main.dart

## exception

OutOfMemoryError: Out of Memory

```
#0      new Uint8List (dart:typed_data-patch/typed_data_patch.dart:2397:3)
#1      _File.readAsBytesSync (dart:io/file_impl.dart:678:16)
#2      ForwardingFile.readAsBytesSync (package:file/src/forwarding/forwarding_file.dart:91:43)
#3      ForwardingFile.readAsBytesSync (package:file/src/forwarding/forwarding_file.dart:91:43)
#4      WebMemoryFS.write (package:flutter_tools/src/web/memory_fs.dart:29:42)
#5      WebDevFS.update (package:flutter_tools/src/isolated/devfs_web.dart:1092:45)
#6      _rootRunUnary (dart:async/zone.dart:1538:47)
#7      _FutureListener.handleValue (dart:async/future_impl.dart:208:18)
#8      Future._propagateToListeners.handleValueCallback (dart:async/future_impl.dart:932:45)
#9      Future._propagateToListeners (dart:async/future_impl.dart:961:13)
#10     Future._completeWithValue (dart:async/future_impl.dart:712:5)
#11     Future._asyncCompleteWithValue.<anonymous closure> (dart:async/future_impl.dart:792:7)
#12     _rootRun (dart:async/zone.dart:1525:13)
#13     _CustomZone.run (dart:async/zone.dart:1422:19)
#14     _CustomZone.runGuarded (dart:async/zone.dart:1321:7)
#15     _CustomZone.bindCallbackGuarded.<anonymous closure> (dart:async/zone.dart:1362:23)
#16     _microtaskLoop (dart:async/schedule_microtask.dart:40:21)
#17     _startMicrotaskLoop (dart:async/schedule_microtask.dart:49:5)
#18     _runPendingImmediateCallback (dart:isolate-patch/isolate_patch.dart:128:13)
#19     _RawReceivePort._handleMessage (dart:isolate-patch/isolate_patch.dart:195:5)
```

## flutter doctor

```
[✓] Flutter (Channel stable, 3.29.3, on Microsoft Windows [Version 10.0.22631.5335], locale en-US) [1,287ms]
    • Flutter version 3.29.3 on channel stable at C:\src\flutter
    • Upstream repository https://github.com/flutter/flutter.git
    • Framework revision ea121f8859 (2 months ago), 2025-04-11 19:10:07 +0000
    • Engine revision cf56914b32
    • Dart version 3.7.2
    • DevTools version 2.42.3

[✓] Windows Version (11 Pro 64-bit, 23H2, 2009) [8.5s]

[✓] Android toolchain - develop for Android devices (Android SDK version 36.0.0) [14.9s]
    • Android SDK at C:\Users\User\AppData\Local\Android\sdk
    • Platform android-35, build-tools 36.0.0
    • Java binary at: C:\Program Files\Android\Android Studio\jbr\bin\java
      This is the JDK bundled with the latest Android Studio installation on this machine.
      To manually set the JDK path, use: `flutter config --jdk-dir="path/to/jdk"`.
    • Java version OpenJDK Runtime Environment (build 21.0.5+-13047016-b750.29)
    • All Android licenses accepted.

[✓] Chrome - develop for the web [564ms]
    • Chrome at C:\Program Files\Google\Chrome\Application\chrome.exe

[!] Visual Studio - develop Windows apps (Visual Studio Community 2022 17.10.5) [560ms]
    • Visual Studio at C:\Program Files\Microsoft Visual Studio\2022\Community
    • Visual Studio Community 2022 version 17.10.35122.118
    ✗ Visual Studio is missing necessary components. Please re-run the Visual Studio installer for the "Desktop development with C++" workload, and include these components:
        MSVC v142 - VS 2019 C++ x64/x86 build tools
         - If there are multiple build tool versions available, install the latest
        C++ CMake tools for Windows
        Windows 10 SDK

[✓] Android Studio (version 2024.3) [21ms]
    • Android Studio at C:\Program Files\Android\Android Studio
    • Flutter plugin can be installed from:
      🔨 https://plugins.jetbrains.com/plugin/9212-flutter
    • Dart plugin can be installed from:
      🔨 https://plugins.jetbrains.com/plugin/6351-dart
    • Java version OpenJDK Runtime Environment (build 21.0.5+-13047016-b750.29)

[✓] VS Code (version 1.101.1) [17ms]
    • VS Code at C:\Users\User\AppData\Local\Programs\Microsoft VS Code
    • Flutter extension version 3.112.0

[✓] Connected device (3 available) [320ms]
    • Windows (desktop) • windows • windows-x64    • Microsoft Windows [Version 10.0.22631.5335]
    • Chrome (web)      • chrome  • web-javascript • Google Chrome 137.0.7151.120
    • Edge (web)        • edge    • web-javascript • Microsoft Edge 137.0.3296.93

[✓] Network resources [677ms]
    • All expected network resources are available.

! Doctor found issues in 1 category.
```
