#
# There is insufficient memory for the Java Runtime Environment to continue.
# Native memory allocation (malloc) failed to allocate 1481936 bytes. Error detail: Chunk::new
# Possible reasons:
#   The system is out of physical RAM or swap space
#   This process is running with CompressedOops enabled, and the Java Heap may be blocking the growth of the native heap
# Possible solutions:
#   Reduce memory load on the system
#   Increase physical memory or swap space
#   Check if swap backing store is full
#   Decrease Java heap size (-Xmx/-Xms)
#   Decrease number of Java threads
#   Decrease Java thread stack sizes (-Xss)
#   Set larger code cache with -XX:ReservedCodeCacheSize=
#   JVM is running with Unscaled Compressed Oops mode in which the Java heap is
#     placed in the first 4GB address space. The Java Heap base address is the
#     maximum limit for the native heap growth. Please use -XX:HeapBaseMinAddress
#     to set the Java Heap base and to place the Java Heap above 4GB virtual address.
# This output file may be truncated or incomplete.
#
#  Out of Memory Error (arena.cpp:168), pid=8224, tid=13712
#
# JRE version: OpenJDK Runtime Environment Temurin-21.0.7+6 (21.0.7+6) (build 21.0.7+6-LTS)
# Java VM: OpenJDK 64-Bit Server VM Temurin-21.0.7+6 (21.0.7+6-LTS, mixed mode, sharing, tiered, compressed oops, compressed class ptrs, parallel gc, windows-amd64)
# No core dump will be written. Minidumps are not enabled by default on client versions of Windows
#

---------------  S U M M A R Y ------------

Command Line: --add-modules=ALL-SYSTEM --add-opens=java.base/java.util=ALL-UNNAMED --add-opens=java.base/java.lang=ALL-UNNAMED --add-opens=java.base/sun.nio.fs=ALL-UNNAMED -Declipse.application=org.eclipse.jdt.ls.core.id1 -Dosgi.bundles.defaultStartLevel=4 -Declipse.product=org.eclipse.jdt.ls.core.product -Djava.import.generatesMetadataFilesAtProjectRoot=false -DDetectVMInstallationsJob.disabled=true -Dfile.encoding=utf8 -XX:+UseParallelGC -XX:GCTimeRatio=4 -XX:AdaptiveSizePolicyWeight=90 -Dsun.zip.disableMemoryMapping=true -Xmx1G -Xms100m -Xlog:disable -javaagent:c:\Users\User\.vscode\extensions\redhat.java-1.42.0-win32-x64\lombok\lombok-1.18.36.jar -XX:+HeapDumpOnOutOfMemoryError -XX:HeapDumpPath=c:\Users\User\AppData\Roaming\Code\User\workspaceStorage\eef6065f1f25ad0a073d8f9b963e0aa7\redhat.java -Daether.dependencyCollector.impl=bf c:\Users\User\.vscode\extensions\redhat.java-1.42.0-win32-x64\server\plugins\org.eclipse.equinox.launcher_1.7.0.v20250424-1814.jar -configuration c:\Users\User\AppData\Roaming\Code\User\globalStorage\redhat.java\1.42.0\config_win -data c:\Users\User\AppData\Roaming\Code\User\workspaceStorage\eef6065f1f25ad0a073d8f9b963e0aa7\redhat.java\jdt_ws --pipe=\\.\pipe\lsp-92762b92b9f246624188df0f9220ac4f-sock

Host: 11th Gen Intel(R) Core(TM) i7-1165G7 @ 2.80GHz, 8 cores, 7G,  Windows 11 , 64 bit Build 22621 (10.0.22621.5262)
Time: Wed Jun 25 01:32:01 2025 Egypt Daylight Time elapsed time: 96.741533 seconds (0d 0h 1m 36s)

---------------  T H R E A D  ---------------

Current thread (0x0000025a4757bd30):  JavaThread "C2 CompilerThread0" daemon [_thread_in_native, id=13712, stack(0x000000f79af00000,0x000000f79b000000) (1024K)]


Current CompileTask:
C2:96741 7745       4       java.io.ObjectInputStream::readClassDesc (121 bytes)

Stack: [0x000000f79af00000,0x000000f79b000000]
Native frames: (J=compiled Java code, j=interpreted, Vv=VM code, C=native code)
V  [jvm.dll+0x6ce119]
V  [jvm.dll+0x8a84a1]
V  [jvm.dll+0x8aa9ce]
V  [jvm.dll+0x8ab0b3]
V  [jvm.dll+0x27f8a6]
V  [jvm.dll+0xc507d]
V  [jvm.dll+0xc55b3]
V  [jvm.dll+0x3b68f2]
V  [jvm.dll+0x382aa5]
V  [jvm.dll+0x381f0a]
V  [jvm.dll+0x247af0]
V  [jvm.dll+0x2470cf]
V  [jvm.dll+0x1c760e]
V  [jvm.dll+0x25695a]
V  [jvm.dll+0x254efa]
V  [jvm.dll+0x3f03f6]
V  [jvm.dll+0x851f6b]
V  [jvm.dll+0x6cc7dd]
C  [ucrtbase.dll+0x29333]
C  [KERNEL32.DLL+0x1259d]
C  [ntdll.dll+0x5af58]


---------------  P R O C E S S  ---------------

Threads class SMR info:
_java_thread_list=0x0000025a8f75f430, length=50, elements={
0x0000025a331c5020, 0x0000025a3327ca70, 0x0000025a47574770, 0x0000025a47575620,
0x0000025a47576530, 0x0000025a47577440, 0x0000025a4757afb0, 0x0000025a4757bd30,
0x0000025a475ae8e0, 0x0000025a8e0d0460, 0x0000025a8e3009e0, 0x0000025a8ee4e680,
0x0000025a8e7ab620, 0x0000025a8e964040, 0x0000025a8e028e10, 0x0000025a8ea46760,
0x0000025a8f03d980, 0x0000025a8e7db610, 0x0000025a8e7ddd70, 0x0000025a8e7dbca0,
0x0000025a8e7dd6e0, 0x0000025a8e7dd050, 0x0000025a8e7de400, 0x0000025a8e7dea90,
0x0000025a8e7dc9c0, 0x0000025a8e7dc330, 0x0000025a91665110, 0x0000025a916664c0,
0x0000025a916657a0, 0x0000025a91662320, 0x0000025a9165fbc0, 0x0000025a91660f70,
0x0000025a916643f0, 0x0000025a91664a80, 0x0000025a91666b50, 0x0000025a916629b0,
0x0000025a91661600, 0x0000025a91661c90, 0x0000025a91663040, 0x0000025a916636d0,
0x0000025a91663d60, 0x0000025a904eefe0, 0x0000025a904f0a20, 0x0000025a904f3ea0,
0x0000025a904f10b0, 0x0000025a904efd00, 0x0000025a904f2af0, 0x0000025a904f4bc0,
0x0000025a904ee2c0, 0x0000025a904f0390
}

Java Threads: ( => current thread )
  0x0000025a331c5020 JavaThread "main"                              [_thread_blocked, id=12628, stack(0x000000f79a400000,0x000000f79a500000) (1024K)]
  0x0000025a3327ca70 JavaThread "Reference Handler"          daemon [_thread_blocked, id=18608, stack(0x000000f79a900000,0x000000f79aa00000) (1024K)]
  0x0000025a47574770 JavaThread "Finalizer"                  daemon [_thread_blocked, id=24156, stack(0x000000f79aa00000,0x000000f79ab00000) (1024K)]
  0x0000025a47575620 JavaThread "Signal Dispatcher"          daemon [_thread_blocked, id=1268, stack(0x000000f79ab00000,0x000000f79ac00000) (1024K)]
  0x0000025a47576530 JavaThread "Attach Listener"            daemon [_thread_blocked, id=25456, stack(0x000000f79ac00000,0x000000f79ad00000) (1024K)]
  0x0000025a47577440 JavaThread "Service Thread"             daemon [_thread_blocked, id=6292, stack(0x000000f79ad00000,0x000000f79ae00000) (1024K)]
  0x0000025a4757afb0 JavaThread "Monitor Deflation Thread"   daemon [_thread_blocked, id=17124, stack(0x000000f79ae00000,0x000000f79af00000) (1024K)]
=>0x0000025a4757bd30 JavaThread "C2 CompilerThread0"         daemon [_thread_in_native, id=13712, stack(0x000000f79af00000,0x000000f79b000000) (1024K)]
  0x0000025a475ae8e0 JavaThread "C1 CompilerThread0"         daemon [_thread_blocked, id=20696, stack(0x000000f79b000000,0x000000f79b100000) (1024K)]
  0x0000025a8e0d0460 JavaThread "Common-Cleaner"             daemon [_thread_blocked, id=1796, stack(0x000000f79b100000,0x000000f79b200000) (1024K)]
  0x0000025a8e3009e0 JavaThread "Notification Thread"        daemon [_thread_blocked, id=11496, stack(0x000000f79b200000,0x000000f79b300000) (1024K)]
  0x0000025a8ee4e680 JavaThread "Active Thread: Equinox Container: eb4206a4-89e2-4765-9e6e-fc8b4d197805"        [_thread_blocked, id=4192, stack(0x000000f79ba00000,0x000000f79bb00000) (1024K)]
  0x0000025a8e7ab620 JavaThread "Refresh Thread: Equinox Container: eb4206a4-89e2-4765-9e6e-fc8b4d197805" daemon [_thread_blocked, id=21560, stack(0x000000f79bb00000,0x000000f79bc00000) (1024K)]
  0x0000025a8e964040 JavaThread "Framework Event Dispatcher: Equinox Container: eb4206a4-89e2-4765-9e6e-fc8b4d197805" daemon [_thread_blocked, id=11712, stack(0x000000f79bc00000,0x000000f79bd00000) (1024K)]
  0x0000025a8e028e10 JavaThread "Start Level: Equinox Container: eb4206a4-89e2-4765-9e6e-fc8b4d197805" daemon [_thread_blocked, id=24652, stack(0x000000f79bd00000,0x000000f79be00000) (1024K)]
  0x0000025a8ea46760 JavaThread "Bundle File Closer"         daemon [_thread_blocked, id=5648, stack(0x000000f79be00000,0x000000f79bf00000) (1024K)]
  0x0000025a8f03d980 JavaThread "SCR Component Actor"        daemon [_thread_blocked, id=10264, stack(0x000000f79bf00000,0x000000f79c000000) (1024K)]
  0x0000025a8e7db610 JavaThread "Worker-JM"                         [_thread_blocked, id=20628, stack(0x000000f79c100000,0x000000f79c200000) (1024K)]
  0x0000025a8e7ddd70 JavaThread "JNA Cleaner"                daemon [_thread_blocked, id=25596, stack(0x000000f79c200000,0x000000f79c300000) (1024K)]
  0x0000025a8e7dbca0 JavaThread "Worker-0"                          [_thread_blocked, id=10140, stack(0x000000f79c300000,0x000000f79c400000) (1024K)]
  0x0000025a8e7dd6e0 JavaThread "Worker-1"                          [_thread_blocked, id=20928, stack(0x000000f79c400000,0x000000f79c500000) (1024K)]
  0x0000025a8e7dd050 JavaThread "Java indexing"              daemon [_thread_blocked, id=14608, stack(0x000000f79c500000,0x000000f79c600000) (1024K)]
  0x0000025a8e7de400 JavaThread "Worker-2: Initialize Workspace"        [_thread_blocked, id=6848, stack(0x000000f79c800000,0x000000f79c900000) (1024K)]
  0x0000025a8e7dea90 JavaThread "Worker-3"                          [_thread_blocked, id=3360, stack(0x000000f79c900000,0x000000f79ca00000) (1024K)]
  0x0000025a8e7dc9c0 JavaThread "Worker-4"                          [_thread_blocked, id=2512, stack(0x000000f79ca00000,0x000000f79cb00000) (1024K)]
  0x0000025a8e7dc330 JavaThread "Worker-5"                          [_thread_blocked, id=6396, stack(0x000000f79cb00000,0x000000f79cc00000) (1024K)]
  0x0000025a91665110 JavaThread "Thread-2"                   daemon [_thread_in_native, id=23424, stack(0x000000f79cc00000,0x000000f79cd00000) (1024K)]
  0x0000025a916664c0 JavaThread "Thread-3"                   daemon [_thread_in_native, id=15292, stack(0x000000f79cd00000,0x000000f79ce00000) (1024K)]
  0x0000025a916657a0 JavaThread "Thread-4"                   daemon [_thread_in_native, id=14192, stack(0x000000f79ce00000,0x000000f79cf00000) (1024K)]
  0x0000025a91662320 JavaThread "Thread-5"                   daemon [_thread_in_native, id=26064, stack(0x000000f79cf00000,0x000000f79d000000) (1024K)]
  0x0000025a9165fbc0 JavaThread "Thread-6"                   daemon [_thread_in_native, id=14716, stack(0x000000f79d000000,0x000000f79d100000) (1024K)]
  0x0000025a91660f70 JavaThread "Thread-7"                   daemon [_thread_in_native, id=9500, stack(0x000000f79d100000,0x000000f79d200000) (1024K)]
  0x0000025a916643f0 JavaThread "Thread-8"                   daemon [_thread_in_native, id=24820, stack(0x000000f79d200000,0x000000f79d300000) (1024K)]
  0x0000025a91664a80 JavaThread "Thread-9"                   daemon [_thread_in_native, id=2380, stack(0x000000f79d300000,0x000000f79d400000) (1024K)]
  0x0000025a91666b50 JavaThread "Thread-10"                  daemon [_thread_in_native, id=3148, stack(0x000000f79d400000,0x000000f79d500000) (1024K)]
  0x0000025a916629b0 JavaThread "pool-2-thread-1"                   [_thread_blocked, id=23568, stack(0x000000f79d500000,0x000000f79d600000) (1024K)]
  0x0000025a91661600 JavaThread "Timer-0"                           [_thread_blocked, id=23704, stack(0x000000f79d600000,0x000000f79d700000) (1024K)]
  0x0000025a91661c90 JavaThread "Timer-1"                           [_thread_blocked, id=13796, stack(0x000000f79d700000,0x000000f79d800000) (1024K)]
  0x0000025a91663040 JavaThread "WorkspaceEventsHandler"            [_thread_blocked, id=16628, stack(0x000000f79d800000,0x000000f79d900000) (1024K)]
  0x0000025a916636d0 JavaThread "pool-1-thread-1"                   [_thread_blocked, id=17844, stack(0x000000f79d900000,0x000000f79da00000) (1024K)]
  0x0000025a91663d60 JavaThread "Timer-2"                           [_thread_blocked, id=14272, stack(0x000000f79db00000,0x000000f79dc00000) (1024K)]
  0x0000025a904eefe0 JavaThread "Exec process"                      [_thread_blocked, id=23392, stack(0x000000f79c000000,0x000000f79c100000) (1024K)]
  0x0000025a904f0a20 JavaThread "Exec process Thread 2"             [_thread_blocked, id=8792, stack(0x000000f79dd00000,0x000000f79de00000) (1024K)]
  0x0000025a904f3ea0 JavaThread "Exec process Thread 3"             [_thread_blocked, id=9248, stack(0x000000f79de00000,0x000000f79df00000) (1024K)]
  0x0000025a904f10b0 JavaThread "Timer-3"                           [_thread_blocked, id=2020, stack(0x000000f79da00000,0x000000f79db00000) (1024K)]
  0x0000025a904efd00 JavaThread "Timer-4"                           [_thread_blocked, id=14988, stack(0x000000f79dc00000,0x000000f79dd00000) (1024K)]
  0x0000025a904f2af0 JavaThread "Timer-5"                           [_thread_blocked, id=15080, stack(0x000000f79df00000,0x000000f79e000000) (1024K)]
  0x0000025a904f4bc0 JavaThread "Connection worker"                 [_thread_in_native, id=15544, stack(0x000000f79e000000,0x000000f79e100000) (1024K)]
  0x0000025a904ee2c0 JavaThread "pool-3-thread-1"                   [_thread_blocked, id=17472, stack(0x000000f79e100000,0x000000f79e200000) (1024K)]
  0x0000025a904f0390 JavaThread "Forward input"                     [_thread_blocked, id=21360, stack(0x000000f79e400000,0x000000f79e500000) (1024K)]
Total: 50

Other Threads:
  0x0000025a331e43d0 VMThread "VM Thread"                           [id=21580, stack(0x000000f79a800000,0x000000f79a900000) (1024K)]
  0x0000025a33230850 WatcherThread "VM Periodic Task Thread"        [id=21428, stack(0x000000f79a700000,0x000000f79a800000) (1024K)]
  0x0000025a331e4770 WorkerThread "GC Thread#0"                     [id=10048, stack(0x000000f79a600000,0x000000f79a700000) (1024K)]
  0x0000025a331e4eb0 WorkerThread "GC Thread#1"                     [id=9584, stack(0x000000f79b300000,0x000000f79b400000) (1024K)]
  0x0000025a331e3550 WorkerThread "GC Thread#2"                     [id=21408, stack(0x000000f79b400000,0x000000f79b500000) (1024K)]
  0x0000025a331e38f0 WorkerThread "GC Thread#3"                     [id=17216, stack(0x000000f79b500000,0x000000f79b600000) (1024K)]
  0x0000025a331e3c90 WorkerThread "GC Thread#4"                     [id=21916, stack(0x000000f79b600000,0x000000f79b700000) (1024K)]
  0x0000025a8e8e1fb0 WorkerThread "GC Thread#5"                     [id=4680, stack(0x000000f79b700000,0x000000f79b800000) (1024K)]
  0x0000025a8e8dff10 WorkerThread "GC Thread#6"                     [id=11148, stack(0x000000f79b800000,0x000000f79b900000) (1024K)]
  0x0000025a8e8e09f0 WorkerThread "GC Thread#7"                     [id=16264, stack(0x000000f79b900000,0x000000f79ba00000) (1024K)]
Total: 10

Threads with active compile tasks:
C2 CompilerThread0  96775 7745       4       java.io.ObjectInputStream::readClassDesc (121 bytes)
Total: 1

VM state: not at safepoint (normal execution)

VM Mutex/Monitor currently owned by a thread: None

Heap address: 0x00000000c0000000, size: 1024 MB, Compressed Oops mode: 32-bit

CDS archive(s) mapped at: [0x0000025a48000000-0x0000025a48ba0000-0x0000025a48ba0000), size 12189696, SharedBaseAddress: 0x0000025a48000000, ArchiveRelocationMode: 1.
Compressed class space mapped at: 0x0000025a49000000-0x0000025a89000000, reserved size: 1073741824
Narrow klass base: 0x0000025a48000000, Narrow klass shift: 0, Narrow klass range: 0x100000000

GC Precious Log:
 CardTable entry size: 512
 CPUs: 8 total, 8 available
 Memory: 7975M
 Large Page Support: Disabled
 NUMA Support: Disabled
 Compressed Oops: Enabled (32-bit)
 Alignments: Space 512K, Generation 512K, Heap 2M
 Heap Min Capacity: 100M
 Heap Initial Capacity: 100M
 Heap Max Capacity: 1G
 Pre-touch: Disabled
 Parallel Workers: 8

Heap:
 PSYoungGen      total 15360K, used 14108K [0x00000000eab00000, 0x00000000ebc80000, 0x0000000100000000)
  eden space 14848K, 92% used [0x00000000eab00000,0x00000000eb85f198,0x00000000eb980000)
  from space 512K, 81% used [0x00000000ebc00000,0x00000000ebc68000,0x00000000ebc80000)
  to   space 512K, 0% used [0x00000000ebb80000,0x00000000ebb80000,0x00000000ebc00000)
 ParOldGen       total 68608K, used 39759K [0x00000000c0000000, 0x00000000c4300000, 0x00000000eab00000)
  object space 68608K, 57% used [0x00000000c0000000,0x00000000c26d3d28,0x00000000c4300000)
 Metaspace       used 62212K, committed 63488K, reserved 1114112K
  class space    used 7632K, committed 8192K, reserved 1048576K

Card table byte_map: [0x0000025a32b60000,0x0000025a32d70000] _byte_map_base: 0x0000025a32560000

Marking Bits: (ParMarkBitMap*) 0x00007fffc90831f0
 Begin Bits: [0x0000025a453b0000, 0x0000025a463b0000)
 End Bits:   [0x0000025a463b0000, 0x0000025a473b0000)

Polling page: 0x0000025a30fd0000

Metaspace:

Usage:
  Non-class:     53.30 MB used.
      Class:      7.45 MB used.
       Both:     60.75 MB used.

Virtual space:
  Non-class space:       64.00 MB reserved,      54.00 MB ( 84%) committed,  1 nodes.
      Class space:        1.00 GB reserved,       8.00 MB ( <1%) committed,  1 nodes.
             Both:        1.06 GB reserved,      62.00 MB (  6%) committed. 

Chunk freelists:
   Non-Class:  9.92 MB
       Class:  7.97 MB
        Both:  17.89 MB

MaxMetaspaceSize: unlimited
CompressedClassSpaceSize: 1.00 GB
Initial GC threshold: 21.00 MB
Current GC threshold: 97.31 MB
CDS: on
 - commit_granule_bytes: 65536.
 - commit_granule_words: 8192.
 - virtual_space_node_default_size: 8388608.
 - enlarge_chunks_in_place: 1.
 - use_allocation_guard: 0.


Internal statistics:

num_allocs_failed_limit: 9.
num_arena_births: 1068.
num_arena_deaths: 14.
num_vsnodes_births: 2.
num_vsnodes_deaths: 0.
num_space_committed: 992.
num_space_uncommitted: 0.
num_chunks_returned_to_freelist: 23.
num_chunks_taken_from_freelist: 3719.
num_chunk_merges: 15.
num_chunk_splits: 2426.
num_chunks_enlarged: 1529.
num_inconsistent_stats: 0.

CodeHeap 'non-profiled nmethods': size=120000Kb used=4011Kb max_used=4011Kb free=115988Kb
 bounds [0x0000025a3de80000, 0x0000025a3e270000, 0x0000025a453b0000]
CodeHeap 'profiled nmethods': size=120000Kb used=14038Kb max_used=14038Kb free=105961Kb
 bounds [0x0000025a363b0000, 0x0000025a37170000, 0x0000025a3d8e0000]
CodeHeap 'non-nmethods': size=5760Kb used=1393Kb max_used=1436Kb free=4367Kb
 bounds [0x0000025a3d8e0000, 0x0000025a3db50000, 0x0000025a3de80000]
 total_blobs=7743 nmethods=7057 adapters=592
 compilation: enabled
              stopped_count=0, restarted_count=0
 full_count=0

Compilation events (20 events):
Event: 96.563 Thread 0x0000025a475ae8e0 nmethod 7742 0x0000025a3715a810 code [0x0000025a3715aa00, 0x0000025a3715ae20]
Event: 96.563 Thread 0x0000025a475ae8e0 7743  s    3       org.gradle.tooling.internal.consumer.parameters.BuildProgressListenerAdapter::removeDescriptor (52 bytes)
Event: 96.564 Thread 0x0000025a475ae8e0 nmethod 7743 0x0000025a3715b090 code [0x0000025a3715b340, 0x0000025a3715c2a0]
Event: 96.594 Thread 0x0000025a4757bd30 7744       4       java.util.Arrays::hashCode (56 bytes)
Event: 96.595 Thread 0x0000025a4757bd30 nmethod 7744 0x0000025a3e26aa10 code [0x0000025a3e26aba0, 0x0000025a3e26ad20]
Event: 96.595 Thread 0x0000025a4757bd30 7745       4       java.io.ObjectInputStream::readClassDesc (121 bytes)
Event: 96.608 Thread 0x0000025a475ae8e0 7747   !   3       org.gradle.tooling.internal.consumer.parameters.FailsafeBuildProgressListenerAdapter::onEvent (28 bytes)
Event: 96.608 Thread 0x0000025a475ae8e0 nmethod 7747 0x0000025a3715c810 code [0x0000025a3715c9e0, 0x0000025a3715cc90]
Event: 96.608 Thread 0x0000025a475ae8e0 7748   !   3       org.gradle.tooling.internal.consumer.parameters.FailsafeBuildProgressListenerAdapter::onEvent (28 bytes)
Event: 96.608 Thread 0x0000025a475ae8e0 nmethod 7748 0x0000025a3715cd90 code [0x0000025a3715cf60, 0x0000025a3715d210]
Event: 96.608 Thread 0x0000025a475ae8e0 7749       3       org.gradle.tooling.internal.consumer.parameters.BuildProgressListenerAdapter::onEvent (82 bytes)
Event: 96.609 Thread 0x0000025a475ae8e0 nmethod 7749 0x0000025a3715d310 code [0x0000025a3715d640, 0x0000025a3715e8b8]
Event: 96.609 Thread 0x0000025a475ae8e0 7750       3       org.gradle.tooling.internal.consumer.parameters.BuildProgressListenerAdapter::broadcastInternalProgressEvent (183 bytes)
Event: 96.610 Thread 0x0000025a475ae8e0 nmethod 7750 0x0000025a3715ed10 code [0x0000025a3715f2e0, 0x0000025a371629b0]
Event: 96.610 Thread 0x0000025a475ae8e0 7751       3       org.gradle.tooling.events.internal.BaseProgressEvent::<init> (21 bytes)
Event: 96.610 Thread 0x0000025a475ae8e0 nmethod 7751 0x0000025a37163310 code [0x0000025a371634c0, 0x0000025a37163660]
Event: 96.610 Thread 0x0000025a475ae8e0 7752   !   3       jdk.proxy4.$Proxy62::statusChanged (34 bytes)
Event: 96.611 Thread 0x0000025a475ae8e0 nmethod 7752 0x0000025a37163710 code [0x0000025a371638e0, 0x0000025a37163dc8]
Event: 96.611 Thread 0x0000025a475ae8e0 7753       3       org.eclipse.buildship.core.internal.util.progress.CancellationForwardingListener::statusChanged (5 bytes)
Event: 96.611 Thread 0x0000025a475ae8e0 nmethod 7753 0x0000025a37164010 code [0x0000025a37164200, 0x0000025a371645d0]

GC Heap History (20 events):
Event: 71.378 GC heap before
{Heap before GC invocations=40 (full 3):
 PSYoungGen      total 15872K, used 15645K [0x00000000eab00000, 0x00000000ebe00000, 0x0000000100000000)
  eden space 14848K, 100% used [0x00000000eab00000,0x00000000eb980000,0x00000000eb980000)
  from space 1024K, 77% used [0x00000000ebd00000,0x00000000ebdc7490,0x00000000ebe00000)
  to   space 1536K, 0% used [0x00000000ebb00000,0x00000000ebb00000,0x00000000ebc80000)
 ParOldGen       total 68608K, used 37646K [0x00000000c0000000, 0x00000000c4300000, 0x00000000eab00000)
  object space 68608K, 54% used [0x00000000c0000000,0x00000000c24c3ba0,0x00000000c4300000)
 Metaspace       used 60128K, committed 61376K, reserved 1114112K
  class space    used 7365K, committed 7936K, reserved 1048576K
}
Event: 71.378 GC heap after
{Heap after GC invocations=40 (full 3):
 PSYoungGen      total 16384K, used 256K [0x00000000eab00000, 0x00000000ebd80000, 0x0000000100000000)
  eden space 14848K, 0% used [0x00000000eab00000,0x00000000eab00000,0x00000000eb980000)
  from space 1536K, 16% used [0x00000000ebb00000,0x00000000ebb40000,0x00000000ebc80000)
  to   space 512K, 0% used [0x00000000ebd00000,0x00000000ebd00000,0x00000000ebd80000)
 ParOldGen       total 68608K, used 38066K [0x00000000c0000000, 0x00000000c4300000, 0x00000000eab00000)
  object space 68608K, 55% used [0x00000000c0000000,0x00000000c252cbb8,0x00000000c4300000)
 Metaspace       used 60128K, committed 61376K, reserved 1114112K
  class space    used 7365K, committed 7936K, reserved 1048576K
}
Event: 71.457 GC heap before
{Heap before GC invocations=41 (full 3):
 PSYoungGen      total 16384K, used 15104K [0x00000000eab00000, 0x00000000ebd80000, 0x0000000100000000)
  eden space 14848K, 100% used [0x00000000eab00000,0x00000000eb980000,0x00000000eb980000)
  from space 1536K, 16% used [0x00000000ebb00000,0x00000000ebb40000,0x00000000ebc80000)
  to   space 512K, 0% used [0x00000000ebd00000,0x00000000ebd00000,0x00000000ebd80000)
 ParOldGen       total 68608K, used 38066K [0x00000000c0000000, 0x00000000c4300000, 0x00000000eab00000)
  object space 68608K, 55% used [0x00000000c0000000,0x00000000c252cbb8,0x00000000c4300000)
 Metaspace       used 60128K, committed 61376K, reserved 1114112K
  class space    used 7365K, committed 7936K, reserved 1048576K
}
Event: 71.458 GC heap after
{Heap after GC invocations=41 (full 3):
 PSYoungGen      total 15360K, used 490K [0x00000000eab00000, 0x00000000ebd80000, 0x0000000100000000)
  eden space 14848K, 0% used [0x00000000eab00000,0x00000000eab00000,0x00000000eb980000)
  from space 512K, 95% used [0x00000000ebd00000,0x00000000ebd7a930,0x00000000ebd80000)
  to   space 1536K, 0% used [0x00000000eba80000,0x00000000eba80000,0x00000000ebc00000)
 ParOldGen       total 68608K, used 38822K [0x00000000c0000000, 0x00000000c4300000, 0x00000000eab00000)
  object space 68608K, 56% used [0x00000000c0000000,0x00000000c25e9ae0,0x00000000c4300000)
 Metaspace       used 60128K, committed 61376K, reserved 1114112K
  class space    used 7365K, committed 7936K, reserved 1048576K
}
Event: 71.537 GC heap before
{Heap before GC invocations=42 (full 3):
 PSYoungGen      total 15360K, used 15338K [0x00000000eab00000, 0x00000000ebd80000, 0x0000000100000000)
  eden space 14848K, 100% used [0x00000000eab00000,0x00000000eb980000,0x00000000eb980000)
  from space 512K, 95% used [0x00000000ebd00000,0x00000000ebd7a930,0x00000000ebd80000)
  to   space 1536K, 0% used [0x00000000eba80000,0x00000000eba80000,0x00000000ebc00000)
 ParOldGen       total 68608K, used 38822K [0x00000000c0000000, 0x00000000c4300000, 0x00000000eab00000)
  object space 68608K, 56% used [0x00000000c0000000,0x00000000c25e9ae0,0x00000000c4300000)
 Metaspace       used 60128K, committed 61376K, reserved 1114112K
  class space    used 7365K, committed 7936K, reserved 1048576K
}
Event: 71.537 GC heap after
{Heap after GC invocations=42 (full 3):
 PSYoungGen      total 16384K, used 325K [0x00000000eab00000, 0x00000000ebd80000, 0x0000000100000000)
  eden space 14848K, 0% used [0x00000000eab00000,0x00000000eab00000,0x00000000eb980000)
  from space 1536K, 21% used [0x00000000eba80000,0x00000000ebad14d0,0x00000000ebc00000)
  to   space 1024K, 0% used [0x00000000ebc80000,0x00000000ebc80000,0x00000000ebd80000)
 ParOldGen       total 68608K, used 38870K [0x00000000c0000000, 0x00000000c4300000, 0x00000000eab00000)
  object space 68608K, 56% used [0x00000000c0000000,0x00000000c25f5ae0,0x00000000c4300000)
 Metaspace       used 60128K, committed 61376K, reserved 1114112K
  class space    used 7365K, committed 7936K, reserved 1048576K
}
Event: 71.606 GC heap before
{Heap before GC invocations=43 (full 3):
 PSYoungGen      total 16384K, used 15173K [0x00000000eab00000, 0x00000000ebd80000, 0x0000000100000000)
  eden space 14848K, 100% used [0x00000000eab00000,0x00000000eb980000,0x00000000eb980000)
  from space 1536K, 21% used [0x00000000eba80000,0x00000000ebad14d0,0x00000000ebc00000)
  to   space 1024K, 0% used [0x00000000ebc80000,0x00000000ebc80000,0x00000000ebd80000)
 ParOldGen       total 68608K, used 38870K [0x00000000c0000000, 0x00000000c4300000, 0x00000000eab00000)
  object space 68608K, 56% used [0x00000000c0000000,0x00000000c25f5ae0,0x00000000c4300000)
 Metaspace       used 60128K, committed 61376K, reserved 1114112K
  class space    used 7365K, committed 7936K, reserved 1048576K
}
Event: 71.607 GC heap after
{Heap after GC invocations=43 (full 3):
 PSYoungGen      total 15872K, used 695K [0x00000000eab00000, 0x00000000ebd80000, 0x0000000100000000)
  eden space 14848K, 0% used [0x00000000eab00000,0x00000000eab00000,0x00000000eb980000)
  from space 1024K, 67% used [0x00000000ebc80000,0x00000000ebd2de88,0x00000000ebd80000)
  to   space 1024K, 0% used [0x00000000ebb80000,0x00000000ebb80000,0x00000000ebc80000)
 ParOldGen       total 68608K, used 38992K [0x00000000c0000000, 0x00000000c4300000, 0x00000000eab00000)
  object space 68608K, 56% used [0x00000000c0000000,0x00000000c2614348,0x00000000c4300000)
 Metaspace       used 60128K, committed 61376K, reserved 1114112K
  class space    used 7365K, committed 7936K, reserved 1048576K
}
Event: 71.684 GC heap before
{Heap before GC invocations=44 (full 3):
 PSYoungGen      total 15872K, used 15543K [0x00000000eab00000, 0x00000000ebd80000, 0x0000000100000000)
  eden space 14848K, 100% used [0x00000000eab00000,0x00000000eb980000,0x00000000eb980000)
  from space 1024K, 67% used [0x00000000ebc80000,0x00000000ebd2de88,0x00000000ebd80000)
  to   space 1024K, 0% used [0x00000000ebb80000,0x00000000ebb80000,0x00000000ebc80000)
 ParOldGen       total 68608K, used 38992K [0x00000000c0000000, 0x00000000c4300000, 0x00000000eab00000)
  object space 68608K, 56% used [0x00000000c0000000,0x00000000c2614348,0x00000000c4300000)
 Metaspace       used 60217K, committed 61440K, reserved 1114112K
  class space    used 7378K, committed 7936K, reserved 1048576K
}
Event: 71.685 GC heap after
{Heap after GC invocations=44 (full 3):
 PSYoungGen      total 15872K, used 969K [0x00000000eab00000, 0x00000000ebd00000, 0x0000000100000000)
  eden space 14848K, 0% used [0x00000000eab00000,0x00000000eab00000,0x00000000eb980000)
  from space 1024K, 94% used [0x00000000ebb80000,0x00000000ebc727f0,0x00000000ebc80000)
  to   space 512K, 0% used [0x00000000ebc80000,0x00000000ebc80000,0x00000000ebd00000)
 ParOldGen       total 68608K, used 39080K [0x00000000c0000000, 0x00000000c4300000, 0x00000000eab00000)
  object space 68608K, 56% used [0x00000000c0000000,0x00000000c262a358,0x00000000c4300000)
 Metaspace       used 60217K, committed 61440K, reserved 1114112K
  class space    used 7378K, committed 7936K, reserved 1048576K
}
Event: 71.762 GC heap before
{Heap before GC invocations=45 (full 3):
 PSYoungGen      total 15872K, used 15817K [0x00000000eab00000, 0x00000000ebd00000, 0x0000000100000000)
  eden space 14848K, 100% used [0x00000000eab00000,0x00000000eb980000,0x00000000eb980000)
  from space 1024K, 94% used [0x00000000ebb80000,0x00000000ebc727f0,0x00000000ebc80000)
  to   space 512K, 0% used [0x00000000ebc80000,0x00000000ebc80000,0x00000000ebd00000)
 ParOldGen       total 68608K, used 39080K [0x00000000c0000000, 0x00000000c4300000, 0x00000000eab00000)
  object space 68608K, 56% used [0x00000000c0000000,0x00000000c262a358,0x00000000c4300000)
 Metaspace       used 60217K, committed 61440K, reserved 1114112K
  class space    used 7378K, committed 7936K, reserved 1048576K
}
Event: 71.763 GC heap after
{Heap after GC invocations=45 (full 3):
 PSYoungGen      total 15360K, used 273K [0x00000000eab00000, 0x00000000ebd00000, 0x0000000100000000)
  eden space 14848K, 0% used [0x00000000eab00000,0x00000000eab00000,0x00000000eb980000)
  from space 512K, 53% used [0x00000000ebc80000,0x00000000ebcc4640,0x00000000ebd00000)
  to   space 1024K, 0% used [0x00000000ebb00000,0x00000000ebb00000,0x00000000ebc00000)
 ParOldGen       total 68608K, used 39251K [0x00000000c0000000, 0x00000000c4300000, 0x00000000eab00000)
  object space 68608K, 57% used [0x00000000c0000000,0x00000000c2654dc8,0x00000000c4300000)
 Metaspace       used 60217K, committed 61440K, reserved 1114112K
  class space    used 7378K, committed 7936K, reserved 1048576K
}
Event: 71.834 GC heap before
{Heap before GC invocations=46 (full 3):
 PSYoungGen      total 15360K, used 15121K [0x00000000eab00000, 0x00000000ebd00000, 0x0000000100000000)
  eden space 14848K, 100% used [0x00000000eab00000,0x00000000eb980000,0x00000000eb980000)
  from space 512K, 53% used [0x00000000ebc80000,0x00000000ebcc4640,0x00000000ebd00000)
  to   space 1024K, 0% used [0x00000000ebb00000,0x00000000ebb00000,0x00000000ebc00000)
 ParOldGen       total 68608K, used 39251K [0x00000000c0000000, 0x00000000c4300000, 0x00000000eab00000)
  object space 68608K, 57% used [0x00000000c0000000,0x00000000c2654dc8,0x00000000c4300000)
 Metaspace       used 60217K, committed 61440K, reserved 1114112K
  class space    used 7378K, committed 7936K, reserved 1048576K
}
Event: 71.835 GC heap after
{Heap after GC invocations=46 (full 3):
 PSYoungGen      total 15872K, used 1016K [0x00000000eab00000, 0x00000000ebd00000, 0x0000000100000000)
  eden space 14848K, 0% used [0x00000000eab00000,0x00000000eab00000,0x00000000eb980000)
  from space 1024K, 99% used [0x00000000ebb00000,0x00000000ebbfe328,0x00000000ebc00000)
  to   space 1024K, 0% used [0x00000000ebc00000,0x00000000ebc00000,0x00000000ebd00000)
 ParOldGen       total 68608K, used 39323K [0x00000000c0000000, 0x00000000c4300000, 0x00000000eab00000)
  object space 68608K, 57% used [0x00000000c0000000,0x00000000c2666dd8,0x00000000c4300000)
 Metaspace       used 60217K, committed 61440K, reserved 1114112K
  class space    used 7378K, committed 7936K, reserved 1048576K
}
Event: 71.924 GC heap before
{Heap before GC invocations=47 (full 3):
 PSYoungGen      total 15872K, used 15864K [0x00000000eab00000, 0x00000000ebd00000, 0x0000000100000000)
  eden space 14848K, 100% used [0x00000000eab00000,0x00000000eb980000,0x00000000eb980000)
  from space 1024K, 99% used [0x00000000ebb00000,0x00000000ebbfe328,0x00000000ebc00000)
  to   space 1024K, 0% used [0x00000000ebc00000,0x00000000ebc00000,0x00000000ebd00000)
 ParOldGen       total 68608K, used 39323K [0x00000000c0000000, 0x00000000c4300000, 0x00000000eab00000)
  object space 68608K, 57% used [0x00000000c0000000,0x00000000c2666dd8,0x00000000c4300000)
 Metaspace       used 60217K, committed 61440K, reserved 1114112K
  class space    used 7378K, committed 7936K, reserved 1048576K
}
Event: 71.924 GC heap after
{Heap after GC invocations=47 (full 3):
 PSYoungGen      total 15360K, used 426K [0x00000000eab00000, 0x00000000ebc80000, 0x0000000100000000)
  eden space 14848K, 0% used [0x00000000eab00000,0x00000000eab00000,0x00000000eb980000)
  from space 512K, 83% used [0x00000000ebc00000,0x00000000ebc6a800,0x00000000ebc80000)
  to   space 1024K, 0% used [0x00000000eba80000,0x00000000eba80000,0x00000000ebb80000)
 ParOldGen       total 68608K, used 39355K [0x00000000c0000000, 0x00000000c4300000, 0x00000000eab00000)
  object space 68608K, 57% used [0x00000000c0000000,0x00000000c266edd8,0x00000000c4300000)
 Metaspace       used 60217K, committed 61440K, reserved 1114112K
  class space    used 7378K, committed 7936K, reserved 1048576K
}
Event: 72.002 GC heap before
{Heap before GC invocations=48 (full 3):
 PSYoungGen      total 15360K, used 15274K [0x00000000eab00000, 0x00000000ebc80000, 0x0000000100000000)
  eden space 14848K, 100% used [0x00000000eab00000,0x00000000eb980000,0x00000000eb980000)
  from space 512K, 83% used [0x00000000ebc00000,0x00000000ebc6a800,0x00000000ebc80000)
  to   space 1024K, 0% used [0x00000000eba80000,0x00000000eba80000,0x00000000ebb80000)
 ParOldGen       total 68608K, used 39355K [0x00000000c0000000, 0x00000000c4300000, 0x00000000eab00000)
  object space 68608K, 57% used [0x00000000c0000000,0x00000000c266edd8,0x00000000c4300000)
 Metaspace       used 60217K, committed 61440K, reserved 1114112K
  class space    used 7378K, committed 7936K, reserved 1048576K
}
Event: 72.002 GC heap after
{Heap after GC invocations=48 (full 3):
 PSYoungGen      total 15872K, used 449K [0x00000000eab00000, 0x00000000ebc80000, 0x0000000100000000)
  eden space 14848K, 0% used [0x00000000eab00000,0x00000000eab00000,0x00000000eb980000)
  from space 1024K, 43% used [0x00000000eba80000,0x00000000ebaf07e0,0x00000000ebb80000)
  to   space 512K, 0% used [0x00000000ebc00000,0x00000000ebc00000,0x00000000ebc80000)
 ParOldGen       total 68608K, used 39695K [0x00000000c0000000, 0x00000000c4300000, 0x00000000eab00000)
  object space 68608K, 57% used [0x00000000c0000000,0x00000000c26c3d18,0x00000000c4300000)
 Metaspace       used 60217K, committed 61440K, reserved 1114112K
  class space    used 7378K, committed 7936K, reserved 1048576K
}
Event: 76.614 GC heap before
{Heap before GC invocations=49 (full 3):
 PSYoungGen      total 15872K, used 15297K [0x00000000eab00000, 0x00000000ebc80000, 0x0000000100000000)
  eden space 14848K, 100% used [0x00000000eab00000,0x00000000eb980000,0x00000000eb980000)
  from space 1024K, 43% used [0x00000000eba80000,0x00000000ebaf07e0,0x00000000ebb80000)
  to   space 512K, 0% used [0x00000000ebc00000,0x00000000ebc00000,0x00000000ebc80000)
 ParOldGen       total 68608K, used 39695K [0x00000000c0000000, 0x00000000c4300000, 0x00000000eab00000)
  object space 68608K, 57% used [0x00000000c0000000,0x00000000c26c3d18,0x00000000c4300000)
 Metaspace       used 61379K, committed 62656K, reserved 1114112K
  class space    used 7549K, committed 8128K, reserved 1048576K
}
Event: 76.616 GC heap after
{Heap after GC invocations=49 (full 3):
 PSYoungGen      total 15360K, used 416K [0x00000000eab00000, 0x00000000ebc80000, 0x0000000100000000)
  eden space 14848K, 0% used [0x00000000eab00000,0x00000000eab00000,0x00000000eb980000)
  from space 512K, 81% used [0x00000000ebc00000,0x00000000ebc68000,0x00000000ebc80000)
  to   space 512K, 0% used [0x00000000ebb80000,0x00000000ebb80000,0x00000000ebc00000)
 ParOldGen       total 68608K, used 39759K [0x00000000c0000000, 0x00000000c4300000, 0x00000000eab00000)
  object space 68608K, 57% used [0x00000000c0000000,0x00000000c26d3d28,0x00000000c4300000)
 Metaspace       used 61379K, committed 62656K, reserved 1114112K
  class space    used 7549K, committed 8128K, reserved 1048576K
}

Dll operation events (15 events):
Event: 0.017 Loaded shared library c:\Users\User\.vscode\extensions\redhat.java-1.42.0-win32-x64\jre\21.0.7-win32-x86_64\bin\java.dll
Event: 0.203 Loaded shared library c:\Users\User\.vscode\extensions\redhat.java-1.42.0-win32-x64\jre\21.0.7-win32-x86_64\bin\zip.dll
Event: 0.335 Loaded shared library C:\Users\User\.vscode\extensions\redhat.java-1.42.0-win32-x64\jre\21.0.7-win32-x86_64\bin\instrument.dll
Event: 0.377 Loaded shared library C:\Users\User\.vscode\extensions\redhat.java-1.42.0-win32-x64\jre\21.0.7-win32-x86_64\bin\net.dll
Event: 0.380 Loaded shared library C:\Users\User\.vscode\extensions\redhat.java-1.42.0-win32-x64\jre\21.0.7-win32-x86_64\bin\nio.dll
Event: 0.388 Loaded shared library C:\Users\User\.vscode\extensions\redhat.java-1.42.0-win32-x64\jre\21.0.7-win32-x86_64\bin\zip.dll
Event: 0.510 Loaded shared library C:\Users\User\.vscode\extensions\redhat.java-1.42.0-win32-x64\jre\21.0.7-win32-x86_64\bin\jimage.dll
Event: 0.721 Loaded shared library c:\Users\User\.vscode\extensions\redhat.java-1.42.0-win32-x64\jre\21.0.7-win32-x86_64\bin\verify.dll
Event: 18.422 Loaded shared library C:\Users\User\AppData\Roaming\Code\User\globalStorage\redhat.java\1.42.0\config_win\org.eclipse.equinox.launcher\org.eclipse.equinox.launcher.win32.win32.x86_64_1.2.1300.v20250331-1702\eclipse_11911.dll
Event: 36.454 Loaded shared library C:\Users\User\AppData\Local\Temp\jna-2645995\jna14903467782380471604.dll
Event: 54.871 Loaded shared library C:\Users\User\.gradle\native\68d5fa5c4cc2d200863cafc0d521ce42e7d3e7ee720ec0a83991735586a16f82\windows-amd64\native-platform.dll
Event: 69.531 Loaded shared library C:\Users\User\.vscode\extensions\redhat.java-1.42.0-win32-x64\jre\21.0.7-win32-x86_64\bin\management.dll
Event: 69.535 Loaded shared library C:\Users\User\.vscode\extensions\redhat.java-1.42.0-win32-x64\jre\21.0.7-win32-x86_64\bin\management_ext.dll
Event: 72.198 Loaded shared library C:\Users\User\.vscode\extensions\redhat.java-1.42.0-win32-x64\jre\21.0.7-win32-x86_64\bin\extnet.dll
Event: 76.628 Loaded shared library C:\Users\User\.vscode\extensions\redhat.java-1.42.0-win32-x64\jre\21.0.7-win32-x86_64\bin\sunmscapi.dll

Deoptimization events (20 events):
Event: 92.381 Thread 0x0000025a904f4bc0 Uncommon trap: trap_request=0xffffff45 fr.pc=0x0000025a3e2641d0 relative=0x0000000000000bd0
Event: 92.381 Thread 0x0000025a904f4bc0 Uncommon trap: reason=unstable_if action=reinterpret pc=0x0000025a3e2641d0 method=com.esotericsoftware.kryo.io.Input.read([BII)I @ 64 c2
Event: 92.381 Thread 0x0000025a904f4bc0 DEOPT PACKING pc=0x0000025a3e2641d0 sp=0x000000f79e0fce20
Event: 92.381 Thread 0x0000025a904f4bc0 DEOPT UNPACKING pc=0x0000025a3d936da2 sp=0x000000f79e0fcb88 mode 2
Event: 92.381 Thread 0x0000025a904f4bc0 Uncommon trap: trap_request=0xffffff45 fr.pc=0x0000025a3e257f40 relative=0x00000000000002e0
Event: 92.381 Thread 0x0000025a904f4bc0 Uncommon trap: reason=unstable_if action=reinterpret pc=0x0000025a3e257f40 method=com.esotericsoftware.kryo.io.Input.read([BII)I @ 64 c2
Event: 92.381 Thread 0x0000025a904f4bc0 DEOPT PACKING pc=0x0000025a3e257f40 sp=0x000000f79e0fd500
Event: 92.381 Thread 0x0000025a904f4bc0 DEOPT UNPACKING pc=0x0000025a3d936da2 sp=0x000000f79e0fd350 mode 2
Event: 92.382 Thread 0x0000025a904f4bc0 Uncommon trap: trap_request=0xffffff45 fr.pc=0x0000025a3e258874 relative=0x00000000000001b4
Event: 92.382 Thread 0x0000025a904f4bc0 Uncommon trap: reason=unstable_if action=reinterpret pc=0x0000025a3e258874 method=com.esotericsoftware.kryo.io.Input.read([BII)I @ 64 c2
Event: 92.382 Thread 0x0000025a904f4bc0 DEOPT PACKING pc=0x0000025a3e258874 sp=0x000000f79e0fd6d0
Event: 92.382 Thread 0x0000025a904f4bc0 DEOPT UNPACKING pc=0x0000025a3d936da2 sp=0x000000f79e0fd5b0 mode 2
Event: 92.382 Thread 0x0000025a904f4bc0 Uncommon trap: trap_request=0xffffff45 fr.pc=0x0000025a3e255b14 relative=0x0000000000000174
Event: 92.382 Thread 0x0000025a904f4bc0 Uncommon trap: reason=unstable_if action=reinterpret pc=0x0000025a3e255b14 method=com.esotericsoftware.kryo.io.Input.read([BII)I @ 64 c2
Event: 92.382 Thread 0x0000025a904f4bc0 DEOPT PACKING pc=0x0000025a3e255b14 sp=0x000000f79e0fd130
Event: 92.382 Thread 0x0000025a904f4bc0 DEOPT UNPACKING pc=0x0000025a3d936da2 sp=0x000000f79e0fd088 mode 2
Event: 92.382 Thread 0x0000025a904f4bc0 Uncommon trap: trap_request=0xffffff45 fr.pc=0x0000025a3e256094 relative=0x0000000000000174
Event: 92.382 Thread 0x0000025a904f4bc0 Uncommon trap: reason=unstable_if action=reinterpret pc=0x0000025a3e256094 method=com.esotericsoftware.kryo.io.Input.read([BII)I @ 64 c2
Event: 92.382 Thread 0x0000025a904f4bc0 DEOPT PACKING pc=0x0000025a3e256094 sp=0x000000f79e0fd180
Event: 92.382 Thread 0x0000025a904f4bc0 DEOPT UNPACKING pc=0x0000025a3d936da2 sp=0x000000f79e0fd130 mode 2

Classes loaded (20 events):
Event: 76.680 Loading class java/io/ObjectStreamClass$MemberSignature
Event: 76.680 Loading class java/io/ObjectStreamClass$MemberSignature done
Event: 76.680 Loading class java/io/ObjectStreamClass$3
Event: 76.680 Loading class java/io/ObjectStreamClass$3 done
Event: 76.680 Loading class java/io/ObjectStreamClass$4
Event: 76.680 Loading class java/io/ObjectStreamClass$4 done
Event: 76.681 Loading class java/io/ObjectStreamClass$5
Event: 76.681 Loading class java/io/ObjectStreamClass$5 done
Event: 76.684 Loading class java/net/UrlDeserializedState
Event: 76.684 Loading class java/net/UrlDeserializedState done
Event: 76.685 Loading class java/net/Proxy
Event: 76.685 Loading class java/net/Proxy done
Event: 76.688 Loading class java/nio/channels/spi/AbstractSelector$1
Event: 76.688 Loading class java/nio/channels/spi/AbstractSelector$1 done
Event: 76.758 Loading class java/nio/channels/AsynchronousCloseException
Event: 76.759 Loading class java/nio/channels/ClosedChannelException
Event: 76.759 Loading class java/nio/channels/ClosedChannelException done
Event: 76.759 Loading class java/nio/channels/AsynchronousCloseException done
Event: 77.377 Loading class java/lang/UnsupportedClassVersionError
Event: 77.377 Loading class java/lang/UnsupportedClassVersionError done

Classes unloaded (7 events):
Event: 37.172 Thread 0x0000025a331e43d0 Unloading class 0x0000025a491a3c00 'java/lang/invoke/LambdaForm$MH+0x0000025a491a3c00'
Event: 37.172 Thread 0x0000025a331e43d0 Unloading class 0x0000025a491a3800 'java/lang/invoke/LambdaForm$MH+0x0000025a491a3800'
Event: 37.172 Thread 0x0000025a331e43d0 Unloading class 0x0000025a491a3400 'java/lang/invoke/LambdaForm$MH+0x0000025a491a3400'
Event: 37.172 Thread 0x0000025a331e43d0 Unloading class 0x0000025a491a3000 'java/lang/invoke/LambdaForm$MH+0x0000025a491a3000'
Event: 37.172 Thread 0x0000025a331e43d0 Unloading class 0x0000025a491a2c00 'java/lang/invoke/LambdaForm$BMH+0x0000025a491a2c00'
Event: 37.172 Thread 0x0000025a331e43d0 Unloading class 0x0000025a491a2800 'java/lang/invoke/LambdaForm$DMH+0x0000025a491a2800'
Event: 37.172 Thread 0x0000025a331e43d0 Unloading class 0x0000025a491a1400 'java/lang/invoke/LambdaForm$DMH+0x0000025a491a1400'

Classes redefined (0 events):
No events

Internal exceptions (20 events):
Event: 71.641 Thread 0x0000025a8e7dea90 Exception <a 'java/io/FileNotFoundException'{0x00000000eb152f88}> (0x00000000eb152f88) 
thrown [s\src\hotspot\share\prims\jni.cpp, line 520]
Event: 71.641 Thread 0x0000025a8e7dea90 Exception <a 'java/io/FileNotFoundException'{0x00000000eb154208}> (0x00000000eb154208) 
thrown [s\src\hotspot\share\prims\jni.cpp, line 520]
Event: 71.641 Thread 0x0000025a8e7dea90 Exception <a 'java/io/FileNotFoundException'{0x00000000eb154f60}> (0x00000000eb154f60) 
thrown [s\src\hotspot\share\prims\jni.cpp, line 520]
Event: 72.050 Thread 0x0000025a904f4bc0 Exception <a 'java/lang/NoSuchMethodError'{0x00000000eb07cf98}: 'long java.lang.invoke.DirectMethodHandle$Holder.invokeVirtual(java.lang.Object, java.lang.Object)'> (0x00000000eb07cf98) 
thrown [s\src\hotspot\share\interpreter\linkResolver.cpp, line 773]
Event: 72.050 Thread 0x0000025a904f4bc0 Exception <a 'java/lang/NoSuchMethodError'{0x00000000eb080398}: 'long java.lang.invoke.DelegatingMethodHandle$Holder.reinvoke_L(java.lang.Object, java.lang.Object)'> (0x00000000eb080398) 
thrown [s\src\hotspot\share\interpreter\linkResolver.cpp, line 773]
Event: 76.680 Thread 0x0000025a904f4bc0 Exception <a 'java/lang/NoSuchMethodError'{0x00000000eadd09f0}: static Lorg/gradle/tooling/internal/provider/serialization/ClassLoaderDetails;.<clinit>()V> (0x00000000eadd09f0) 
thrown [s\src\hotspot\share\prims\jni.cpp, line 1111]
Event: 76.681 Thread 0x0000025a904f4bc0 Implicit null exception at 0x0000025a3dffaf24 to 0x0000025a3dffb954
Event: 76.682 Thread 0x0000025a904f4bc0 Exception <a 'java/lang/NoSuchMethodError'{0x00000000eadf4320}: static Lorg/gradle/tooling/internal/provider/serialization/WellKnownClassLoaderRegistry$KnownClassLoaderSpec;.<clinit>()V> (0x00000000eadf4320) 
thrown [s\src\hotspot\share\prims\jni.cpp, line 1111]
Event: 76.683 Thread 0x0000025a904f4bc0 Exception <a 'java/lang/NoSuchMethodError'{0x00000000eadf5bc8}: static Lorg/gradle/internal/classloader/ClassLoaderSpec;.<clinit>()V> (0x00000000eadf5bc8) 
thrown [s\src\hotspot\share\prims\jni.cpp, line 1111]
Event: 76.684 Thread 0x0000025a904f4bc0 Exception <a 'java/lang/NoSuchMethodError'{0x00000000eae126f0}: static Lorg/gradle/tooling/internal/provider/serialization/ClientOwnedClassLoaderSpec;.<clinit>()V> (0x00000000eae126f0) 
thrown [s\src\hotspot\share\prims\jni.cpp, line 1111]
Event: 77.380 Thread 0x0000025a904f4bc0 Exception <a 'java/lang/NoSuchMethodError'{0x00000000eaeae5c8}: static Lorg/gradle/internal/build/event/types/AbstractProgressEvent;.<clinit>()V> (0x00000000eaeae5c8) 
thrown [s\src\hotspot\share\prims\jni.cpp, line 1111]
Event: 77.380 Thread 0x0000025a904f4bc0 Exception <a 'java/lang/NoSuchMethodError'{0x00000000eaebc180}: static Lorg/gradle/internal/build/event/types/DefaultOperationStartedProgressEvent;.<clinit>()V> (0x00000000eaebc180) 
thrown [s\src\hotspot\share\prims\jni.cpp, line 1111]
Event: 77.382 Thread 0x0000025a904f4bc0 Exception <a 'java/lang/NoSuchMethodError'{0x00000000eaed1cc8}: static Lorg/gradle/internal/build/event/types/DefaultOperationDescriptor;.<clinit>()V> (0x00000000eaed1cc8) 
thrown [s\src\hotspot\share\prims\jni.cpp, line 1111]
Event: 77.383 Thread 0x0000025a904f4bc0 Exception <a 'java/lang/NoSuchMethodError'{0x00000000eaee0428}: static Lorg/gradle/internal/operations/OperationIdentifier;.<clinit>()V> (0x00000000eaee0428) 
thrown [s\src\hotspot\share\prims\jni.cpp, line 1111]
Event: 79.514 Thread 0x0000025a904f4bc0 Exception <a 'java/lang/NoSuchMethodError'{0x00000000eaf1ce50}: static Lorg/gradle/internal/build/event/types/DefaultOperationFinishedProgressEvent;.<clinit>()V> (0x00000000eaf1ce50) 
thrown [s\src\hotspot\share\prims\jni.cpp, line 1111]
Event: 79.515 Thread 0x0000025a904f4bc0 Exception <a 'java/lang/NoSuchMethodError'{0x00000000eaf58de8}: static Lorg/gradle/internal/build/event/types/AbstractResult;.<clinit>()V> (0x00000000eaf58de8) 
thrown [s\src\hotspot\share\prims\jni.cpp, line 1111]
Event: 79.516 Thread 0x0000025a904f4bc0 Exception <a 'java/lang/NoSuchMethodError'{0x00000000eaf66740}: static Lorg/gradle/internal/build/event/types/AbstractOperationResult;.<clinit>()V> (0x00000000eaf66740) 
thrown [s\src\hotspot\share\prims\jni.cpp, line 1111]
Event: 79.517 Thread 0x0000025a904f4bc0 Exception <a 'java/lang/NoSuchMethodError'{0x00000000eaf74660}: static Lorg/gradle/internal/build/event/types/DefaultSuccessResult;.<clinit>()V> (0x00000000eaf74660) 
thrown [s\src\hotspot\share\prims\jni.cpp, line 1111]
Event: 84.592 Thread 0x0000025a904f4bc0 Exception <a 'java/lang/NoSuchMethodError'{0x00000000eb01de00}: static Lorg/gradle/internal/build/event/types/DefaultBuildPhaseDescriptor;.<clinit>()V> (0x00000000eb01de00) 
thrown [s\src\hotspot\share\prims\jni.cpp, line 1111]
Event: 85.213 Thread 0x0000025a904f4bc0 Exception <a 'java/lang/NoSuchMethodError'{0x00000000eb0c2cb8}: static Lorg/gradle/internal/build/event/types/DefaultProjectConfigurationDescriptor;.<clinit>()V> (0x00000000eb0c2cb8) 
thrown [s\src\hotspot\share\prims\jni.cpp, line 1111]

ZGC Phase Switch (0 events):
No events

VM Operations (20 events):
Event: 80.625 Executing VM operation: Cleanup
Event: 80.625 Executing VM operation: Cleanup done
Event: 81.626 Executing VM operation: Cleanup
Event: 81.626 Executing VM operation: Cleanup done
Event: 82.626 Executing VM operation: Cleanup
Event: 82.626 Executing VM operation: Cleanup done
Event: 84.628 Executing VM operation: Cleanup
Event: 84.628 Executing VM operation: Cleanup done
Event: 85.631 Executing VM operation: Cleanup
Event: 85.631 Executing VM operation: Cleanup done
Event: 87.631 Executing VM operation: Cleanup
Event: 87.631 Executing VM operation: Cleanup done
Event: 89.632 Executing VM operation: Cleanup
Event: 89.632 Executing VM operation: Cleanup done
Event: 92.633 Executing VM operation: Cleanup
Event: 92.633 Executing VM operation: Cleanup done
Event: 95.636 Executing VM operation: Cleanup
Event: 95.636 Executing VM operation: Cleanup done
Event: 96.636 Executing VM operation: Cleanup
Event: 96.636 Executing VM operation: Cleanup done

Memory protections (0 events):
No events

Nmethod flushes (20 events):
Event: 70.866 Thread 0x0000025a331e43d0 flushing  nmethod 0x0000025a36cb8110
Event: 70.866 Thread 0x0000025a331e43d0 flushing  nmethod 0x0000025a36cb9c10
Event: 70.866 Thread 0x0000025a331e43d0 flushing  nmethod 0x0000025a36cbad10
Event: 70.866 Thread 0x0000025a331e43d0 flushing  nmethod 0x0000025a36cc9790
Event: 70.866 Thread 0x0000025a331e43d0 flushing  nmethod 0x0000025a36cd3990
Event: 70.866 Thread 0x0000025a331e43d0 flushing  nmethod 0x0000025a36ce9610
Event: 70.866 Thread 0x0000025a331e43d0 flushing  nmethod 0x0000025a36d16690
Event: 70.866 Thread 0x0000025a331e43d0 flushing  nmethod 0x0000025a36d17610
Event: 70.866 Thread 0x0000025a331e43d0 flushing  nmethod 0x0000025a36d18810
Event: 70.866 Thread 0x0000025a331e43d0 flushing  nmethod 0x0000025a36d1a090
Event: 70.866 Thread 0x0000025a331e43d0 flushing  nmethod 0x0000025a36d1e710
Event: 70.866 Thread 0x0000025a331e43d0 flushing  nmethod 0x0000025a36d25590
Event: 70.866 Thread 0x0000025a331e43d0 flushing  nmethod 0x0000025a36d27f90
Event: 70.866 Thread 0x0000025a331e43d0 flushing  nmethod 0x0000025a36d29910
Event: 70.866 Thread 0x0000025a331e43d0 flushing  nmethod 0x0000025a36d29d10
Event: 70.866 Thread 0x0000025a331e43d0 flushing  nmethod 0x0000025a36d2c990
Event: 70.866 Thread 0x0000025a331e43d0 flushing  nmethod 0x0000025a36d30290
Event: 70.866 Thread 0x0000025a331e43d0 flushing  nmethod 0x0000025a36d34010
Event: 70.866 Thread 0x0000025a331e43d0 flushing  nmethod 0x0000025a36d34910
Event: 70.866 Thread 0x0000025a331e43d0 flushing  nmethod 0x0000025a36d36a10

Events (20 events):
Event: 69.886 Thread 0x0000025a904eefe0 Thread added: 0x0000025a904f0a20
Event: 69.886 Thread 0x0000025a904eefe0 Thread added: 0x0000025a904f3ea0
Event: 70.080 Thread 0x0000025a91665e30 Thread exited: 0x0000025a91665e30
Event: 70.082 Thread 0x0000025a916608e0 Thread exited: 0x0000025a916608e0
Event: 70.092 Thread 0x0000025a8e7de400 Thread added: 0x0000025a904f10b0
Event: 70.199 Thread 0x0000025a8e7de400 Thread added: 0x0000025a904efd00
Event: 70.202 Thread 0x0000025a8e7de400 Thread added: 0x0000025a904f0390
Event: 70.218 Thread 0x0000025a904f0390 Thread exited: 0x0000025a904f0390
Event: 70.219 Thread 0x0000025a8e7de400 Thread added: 0x0000025a904f2af0
Event: 70.223 Thread 0x0000025a8e7de400 Thread added: 0x0000025a904f4bc0
Event: 72.061 Thread 0x0000025a904f4bc0 Thread added: 0x0000025a904ee2c0
Event: 72.436 Thread 0x0000025a904f4bc0 Thread added: 0x0000025a904f1740
Event: 72.449 Thread 0x0000025a904f1740 Thread added: 0x0000025a904f3180
Event: 72.450 Thread 0x0000025a904f3180 Thread exited: 0x0000025a904f3180
Event: 72.450 Thread 0x0000025a904f1740 Thread added: 0x0000025a904f0390
Event: 76.583 Thread 0x0000025a904f1740 Thread exited: 0x0000025a904f1740
Event: 76.583 Thread 0x0000025a904f0390 Thread exited: 0x0000025a904f0390
Event: 76.758 Thread 0x0000025a904f4bc0 Thread added: 0x0000025a904f1740
Event: 76.759 Thread 0x0000025a904f4bc0 Thread added: 0x0000025a904f0390
Event: 76.760 Thread 0x0000025a904f1740 Thread exited: 0x0000025a904f1740


Dynamic libraries:
0x00007ff613750000 - 0x00007ff61375e000 	c:\Users\User\.vscode\extensions\redhat.java-1.42.0-win32-x64\jre\21.0.7-win32-x86_64\bin\java.exe
0x00007ff864310000 - 0x00007ff864527000 	C:\Windows\SYSTEM32\ntdll.dll
0x00007ff862680000 - 0x00007ff862744000 	C:\Windows\System32\KERNEL32.DLL
0x00007ff861550000 - 0x00007ff861923000 	C:\Windows\System32\KERNELBASE.dll
0x00007ff861400000 - 0x00007ff861511000 	C:\Windows\System32\ucrtbase.dll
0x00007ff841d40000 - 0x00007ff841d58000 	c:\Users\User\.vscode\extensions\redhat.java-1.42.0-win32-x64\jre\21.0.7-win32-x86_64\bin\jli.dll
0x00007ff863fb0000 - 0x00007ff864161000 	C:\Windows\System32\USER32.dll
0x00007ff861520000 - 0x00007ff861546000 	C:\Windows\System32\win32u.dll
0x00007ff862790000 - 0x00007ff8627b9000 	C:\Windows\System32\GDI32.dll
0x00007ff861b90000 - 0x00007ff861cb2000 	C:\Windows\System32\gdi32full.dll
0x00007ff861af0000 - 0x00007ff861b8a000 	C:\Windows\System32\msvcp_win.dll
0x00007ff841ca0000 - 0x00007ff841cbe000 	c:\Users\User\.vscode\extensions\redhat.java-1.42.0-win32-x64\jre\21.0.7-win32-x86_64\bin\VCRUNTIME140.dll
0x00007ff845db0000 - 0x00007ff84604b000 	C:\Windows\WinSxS\amd64_microsoft.windows.common-controls_6595b64144ccf1df_6.0.22621.5262_none_2712bde373830908\COMCTL32.dll
0x00007ff862230000 - 0x00007ff8622d7000 	C:\Windows\System32\msvcrt.dll
0x00007ff862750000 - 0x00007ff862781000 	C:\Windows\System32\IMM32.DLL
0x00007ff858fa0000 - 0x00007ff858fac000 	c:\Users\User\.vscode\extensions\redhat.java-1.42.0-win32-x64\jre\21.0.7-win32-x86_64\bin\vcruntime140_1.dll
0x00007ff838af0000 - 0x00007ff838b7d000 	c:\Users\User\.vscode\extensions\redhat.java-1.42.0-win32-x64\jre\21.0.7-win32-x86_64\bin\msvcp140.dll
0x00007fffc83d0000 - 0x00007fffc9160000 	c:\Users\User\.vscode\extensions\redhat.java-1.42.0-win32-x64\jre\21.0.7-win32-x86_64\bin\server\jvm.dll
0x00007ff861fa0000 - 0x00007ff862051000 	C:\Windows\System32\ADVAPI32.dll
0x00007ff863c30000 - 0x00007ff863cd7000 	C:\Windows\System32\sechost.dll
0x00007ff861d40000 - 0x00007ff861d68000 	C:\Windows\System32\bcrypt.dll
0x00007ff8627c0000 - 0x00007ff8628d4000 	C:\Windows\System32\RPCRT4.dll
0x00007ff862400000 - 0x00007ff862471000 	C:\Windows\System32\WS2_32.dll
0x00007ff860290000 - 0x00007ff8602dd000 	C:\Windows\SYSTEM32\POWRPROF.dll
0x00007ff859040000 - 0x00007ff859074000 	C:\Windows\SYSTEM32\WINMM.dll
0x00007ff858fd0000 - 0x00007ff858fda000 	C:\Windows\SYSTEM32\VERSION.dll
0x00007ff860270000 - 0x00007ff860283000 	C:\Windows\SYSTEM32\UMPDC.dll
0x00007ff860530000 - 0x00007ff860548000 	C:\Windows\SYSTEM32\kernel.appcore.dll
0x00007ff8587c0000 - 0x00007ff8587ca000 	c:\Users\User\.vscode\extensions\redhat.java-1.42.0-win32-x64\jre\21.0.7-win32-x86_64\bin\jimage.dll
0x00007ff85ed90000 - 0x00007ff85efc2000 	C:\Windows\SYSTEM32\DBGHELP.DLL
0x00007ff862980000 - 0x00007ff862d13000 	C:\Windows\System32\combase.dll
0x00007ff863cf0000 - 0x00007ff863dc7000 	C:\Windows\System32\OLEAUT32.dll
0x00007ff8564b0000 - 0x00007ff8564e2000 	C:\Windows\SYSTEM32\dbgcore.DLL
0x00007ff861a70000 - 0x00007ff861aeb000 	C:\Windows\System32\bcryptPrimitives.dll
0x00007ff844980000 - 0x00007ff84498f000 	c:\Users\User\.vscode\extensions\redhat.java-1.42.0-win32-x64\jre\21.0.7-win32-x86_64\bin\instrument.dll
0x00007ff841fc0000 - 0x00007ff841fdf000 	c:\Users\User\.vscode\extensions\redhat.java-1.42.0-win32-x64\jre\21.0.7-win32-x86_64\bin\java.dll
0x00007ff863330000 - 0x00007ff863bcd000 	C:\Windows\System32\SHELL32.dll
0x00007ff861930000 - 0x00007ff861a6f000 	C:\Windows\System32\wintypes.dll
0x00007ff85f350000 - 0x00007ff85fc6d000 	C:\Windows\SYSTEM32\windows.storage.dll
0x00007ff862480000 - 0x00007ff86258b000 	C:\Windows\System32\SHCORE.dll
0x00007ff8622e0000 - 0x00007ff862346000 	C:\Windows\System32\shlwapi.dll
0x00007ff861330000 - 0x00007ff86135b000 	C:\Windows\SYSTEM32\profapi.dll
0x00007ff84bbc0000 - 0x00007ff84bbd8000 	c:\Users\User\.vscode\extensions\redhat.java-1.42.0-win32-x64\jre\21.0.7-win32-x86_64\bin\zip.dll
0x00007ff84be00000 - 0x00007ff84be10000 	C:\Users\User\.vscode\extensions\redhat.java-1.42.0-win32-x64\jre\21.0.7-win32-x86_64\bin\net.dll
0x00007ff85a4e0000 - 0x00007ff85a60c000 	C:\Windows\SYSTEM32\WINHTTP.dll
0x00007ff8609b0000 - 0x00007ff860a1a000 	C:\Windows\system32\mswsock.dll
0x00007ff844790000 - 0x00007ff8447a6000 	C:\Users\User\.vscode\extensions\redhat.java-1.42.0-win32-x64\jre\21.0.7-win32-x86_64\bin\nio.dll
0x00007ff844780000 - 0x00007ff844790000 	c:\Users\User\.vscode\extensions\redhat.java-1.42.0-win32-x64\jre\21.0.7-win32-x86_64\bin\verify.dll
0x00007ff838680000 - 0x00007ff8386c5000 	C:\Users\User\AppData\Roaming\Code\User\globalStorage\redhat.java\1.42.0\config_win\org.eclipse.equinox.launcher\org.eclipse.equinox.launcher.win32.win32.x86_64_1.2.1300.v20250331-1702\eclipse_11911.dll
0x00007ff862080000 - 0x00007ff862221000 	C:\Windows\System32\ole32.dll
0x00007ff860c10000 - 0x00007ff860c2b000 	C:\Windows\SYSTEM32\CRYPTSP.dll
0x00007ff860490000 - 0x00007ff8604c7000 	C:\Windows\system32\rsaenh.dll
0x00007ff860aa0000 - 0x00007ff860ac8000 	C:\Windows\SYSTEM32\USERENV.dll
0x00007ff860c00000 - 0x00007ff860c0c000 	C:\Windows\SYSTEM32\CRYPTBASE.dll
0x00007ff85ff80000 - 0x00007ff85ffad000 	C:\Windows\SYSTEM32\IPHLPAPI.DLL
0x00007ff863c20000 - 0x00007ff863c29000 	C:\Windows\System32\NSI.dll
0x00007ff82ff60000 - 0x00007ff82ffa9000 	C:\Users\User\AppData\Local\Temp\jna-2645995\jna14903467782380471604.dll
0x00007ff863ce0000 - 0x00007ff863ce8000 	C:\Windows\System32\PSAPI.DLL
0x00007ff85a400000 - 0x00007ff85a419000 	C:\Windows\SYSTEM32\dhcpcsvc6.DLL
0x00007ff85a350000 - 0x00007ff85a36f000 	C:\Windows\SYSTEM32\dhcpcsvc.DLL
0x00007ff841b10000 - 0x00007ff841b37000 	C:\Users\User\.gradle\native\68d5fa5c4cc2d200863cafc0d521ce42e7d3e7ee720ec0a83991735586a16f82\windows-amd64\native-platform.dll
0x00007ff842060000 - 0x00007ff84206a000 	C:\Users\User\.vscode\extensions\redhat.java-1.42.0-win32-x64\jre\21.0.7-win32-x86_64\bin\management.dll
0x00007ff841fb0000 - 0x00007ff841fbb000 	C:\Users\User\.vscode\extensions\redhat.java-1.42.0-win32-x64\jre\21.0.7-win32-x86_64\bin\management_ext.dll
0x00007ff841c90000 - 0x00007ff841c99000 	C:\Users\User\.vscode\extensions\redhat.java-1.42.0-win32-x64\jre\21.0.7-win32-x86_64\bin\extnet.dll
0x00007ff841e00000 - 0x00007ff841e0e000 	C:\Users\User\.vscode\extensions\redhat.java-1.42.0-win32-x64\jre\21.0.7-win32-x86_64\bin\sunmscapi.dll
0x00007ff861e30000 - 0x00007ff861f97000 	C:\Windows\System32\CRYPT32.dll
0x00007ff860da0000 - 0x00007ff860dcd000 	C:\Windows\SYSTEM32\ncrypt.dll
0x00007ff860d60000 - 0x00007ff860d97000 	C:\Windows\SYSTEM32\NTASN1.dll
0x00007fffdd470000 - 0x00007fffdd478000 	C:\Windows\system32\wshunix.dll

dbghelp: loaded successfully - version: 4.0.5 - missing functions: none
symbol engine: initialized successfully - sym options: 0x614 - pdb path: .;c:\Users\User\.vscode\extensions\redhat.java-1.42.0-win32-x64\jre\21.0.7-win32-x86_64\bin;C:\Windows\SYSTEM32;C:\Windows\WinSxS\amd64_microsoft.windows.common-controls_6595b64144ccf1df_6.0.22621.5262_none_2712bde373830908;c:\Users\User\.vscode\extensions\redhat.java-1.42.0-win32-x64\jre\21.0.7-win32-x86_64\bin\server;C:\Users\User\AppData\Roaming\Code\User\globalStorage\redhat.java\1.42.0\config_win\org.eclipse.equinox.launcher\org.eclipse.equinox.launcher.win32.win32.x86_64_1.2.1300.v20250331-1702;C:\Users\User\AppData\Local\Temp\jna-2645995;C:\Users\User\.gradle\native\68d5fa5c4cc2d200863cafc0d521ce42e7d3e7ee720ec0a83991735586a16f82\windows-amd64

VM Arguments:
jvm_args: --add-modules=ALL-SYSTEM --add-opens=java.base/java.util=ALL-UNNAMED --add-opens=java.base/java.lang=ALL-UNNAMED --add-opens=java.base/sun.nio.fs=ALL-UNNAMED -Declipse.application=org.eclipse.jdt.ls.core.id1 -Dosgi.bundles.defaultStartLevel=4 -Declipse.product=org.eclipse.jdt.ls.core.product -Djava.import.generatesMetadataFilesAtProjectRoot=false -DDetectVMInstallationsJob.disabled=true -Dfile.encoding=utf8 -XX:+UseParallelGC -XX:GCTimeRatio=4 -XX:AdaptiveSizePolicyWeight=90 -Dsun.zip.disableMemoryMapping=true -Xmx1G -Xms100m -Xlog:disable -javaagent:c:\Users\User\.vscode\extensions\redhat.java-1.42.0-win32-x64\lombok\lombok-1.18.36.jar -XX:+HeapDumpOnOutOfMemoryError -XX:HeapDumpPath=c:\Users\User\AppData\Roaming\Code\User\workspaceStorage\eef6065f1f25ad0a073d8f9b963e0aa7\redhat.java -Daether.dependencyCollector.impl=bf 
java_command: c:\Users\User\.vscode\extensions\redhat.java-1.42.0-win32-x64\server\plugins\org.eclipse.equinox.launcher_1.7.0.v20250424-1814.jar -configuration c:\Users\User\AppData\Roaming\Code\User\globalStorage\redhat.java\1.42.0\config_win -data c:\Users\User\AppData\Roaming\Code\User\workspaceStorage\eef6065f1f25ad0a073d8f9b963e0aa7\redhat.java\jdt_ws --pipe=\\.\pipe\lsp-92762b92b9f246624188df0f9220ac4f-sock
java_class_path (initial): c:\Users\User\.vscode\extensions\redhat.java-1.42.0-win32-x64\server\plugins\org.eclipse.equinox.launcher_1.7.0.v20250424-1814.jar
Launcher Type: SUN_STANDARD

[Global flags]
    uintx AdaptiveSizePolicyWeight                 = 90                                        {product} {command line}
     intx CICompilerCount                          = 4                                         {product} {ergonomic}
    uintx GCTimeRatio                              = 4                                         {product} {command line}
     bool HeapDumpOnOutOfMemoryError               = true                                   {manageable} {command line}
    ccstr HeapDumpPath                             = c:\Users\User\AppData\Roaming\Code\User\workspaceStorage\eef6065f1f25ad0a073d8f9b963e0aa7\redhat.java         {manageable} {command line}
   size_t InitialHeapSize                          = 104857600                                 {product} {command line}
   size_t MaxHeapSize                              = 1073741824                                {product} {command line}
   size_t MaxNewSize                               = 357564416                                 {product} {ergonomic}
   size_t MinHeapDeltaBytes                        = 524288                                    {product} {ergonomic}
   size_t MinHeapSize                              = 104857600                                 {product} {command line}
   size_t NewSize                                  = 34603008                                  {product} {ergonomic}
    uintx NonNMethodCodeHeapSize                   = 5839372                                {pd product} {ergonomic}
    uintx NonProfiledCodeHeapSize                  = 122909434                              {pd product} {ergonomic}
   size_t OldSize                                  = 70254592                                  {product} {ergonomic}
    uintx ProfiledCodeHeapSize                     = 122909434                              {pd product} {ergonomic}
    uintx ReservedCodeCacheSize                    = 251658240                              {pd product} {ergonomic}
     bool SegmentedCodeCache                       = true                                      {product} {ergonomic}
   size_t SoftMaxHeapSize                          = 1073741824                             {manageable} {ergonomic}
     bool UseCompressedOops                        = true                           {product lp64_product} {ergonomic}
     bool UseLargePagesIndividualAllocation        = false                                  {pd product} {ergonomic}
     bool UseParallelGC                            = true                                      {product} {command line}

Logging:
Log output configuration:
 #0: stdout all=off uptime,level,tags foldmultilines=false
 #1: stderr all=off uptime,level,tags foldmultilines=false

Environment Variables:
PATH=C:\Program Files\Common Files\Oracle\Java\javapath;C:\Windows\system32;C:\Windows;C:\Windows\System32\Wbem;C:\Windows\System32\WindowsPowerShell\v1.0\;C:\Windows\System32\OpenSSH\;C:\Program Files\Git\cmd;C:\Program Files\Java\jdk1.8.0_231\bin;D:\Labs\gtkwave-3.3.100-bin-win64\gtkwave64\bin;D:\Labs\ghdl-0.35-mingw32-mcode\GHDL\v0.35-mingw32-mcode\bin;C:\Program Files (x86)\IVI Foundation\VISA\WinNT\Bin\;C:\Program Files\IVI Foundation\VISA\Win64\Bin\;C:\Program Files (x86)\IVI Foundation\VISA\WinNT\Bin;C:\Program Files (x86)\Microsoft SQL Server\160\Tools\Binn\;C:\Program Files\Microsoft SQL Server\160\Tools\Binn\;C:\Program Files\Microsoft SQL Server\Client SDK\ODBC\170\Tools\Binn\;C:\Program Files\Microsoft SQL Server\160\DTS\Binn\;C:\Program Files (x86)\Microsoft SQL Server\160\DTS\Binn\;C:\Program Files\Azure Data Studio\bin;C:\Program Files\dotnet\;C:\Program Files\Microsoft SQL Server\150\Tools\Binn\;C:\PROGRA~2\Aldec\ACTIVE~1.3\BIN;C:\Program Files\nodejs\;C:\Users\User\AppData\Local\Programs\Python\Python311\Scripts\;C:\Users\User\AppData\Local\Programs\Python\Python311\;C:\Users\User\Anaconda3;C:\Users\User\Anaconda3\Library\mingw-w64\bin;C:\Users\User\Anaconda3\Library\usr\bin;C:\Users\User\Anaconda3\Library\bin;C:\Users\User\Anaconda3\Scripts;C:\Users\User\AppData\Local\Microsoft\WindowsApps;C:\Users\User\AppData\Local\Programs\Microsoft VS Code\bin;C:\Users\User\AppData\Local\atom\bin;C:\Program Files\JetBrains\IntelliJ IDEA Community Edition 2023.2\bin;;C:\Program Files\Azure Data Studio\bin;C:\php;C:\Users\User\.dotnet\tools;C:\src\flutter\bin;C:\Users\User\AppData\Local\Pub\Cache\bin;C:\Users\User\AppData\Roaming\npm
USERNAME=User
OS=Windows_NT
PROCESSOR_IDENTIFIER=Intel64 Family 6 Model 140 Stepping 1, GenuineIntel
TMP=C:\Users\User\AppData\Local\Temp
TEMP=C:\Users\User\AppData\Local\Temp




Periodic native trim disabled

---------------  S Y S T E M  ---------------

OS:
 Windows 11 , 64 bit Build 22621 (10.0.22621.5262)
OS uptime: 2 days 4:22 hours

CPU: total 8 (initial active 8) (4 cores per cpu, 2 threads per core) family 6 model 140 stepping 1 microcode 0x9a, cx8, cmov, fxsr, ht, mmx, 3dnowpref, sse, sse2, sse3, ssse3, sse4.1, sse4.2, popcnt, lzcnt, tsc, tscinvbit, avx, avx2, aes, erms, clmul, bmi1, bmi2, adx, avx512f, avx512dq, avx512cd, avx512bw, avx512vl, sha, fma, vzeroupper, avx512_vpopcntdq, avx512_vpclmulqdq, avx512_vaes, avx512_vnni, clflush, clflushopt, clwb, avx512_vbmi2, avx512_vbmi, rdtscp, rdpid, fsrm, gfni, avx512_bitalg, f16c, pku, cet_ibt, cet_ss, avx512_ifma
Processor Information for processor 0
  Max Mhz: 2803, Current Mhz: 2803, Mhz Limit: 2803
Processor Information for processor 1
  Max Mhz: 2803, Current Mhz: 1201, Mhz Limit: 2803
Processor Information for processor 2
  Max Mhz: 2803, Current Mhz: 2803, Mhz Limit: 2803
Processor Information for processor 3
  Max Mhz: 2803, Current Mhz: 1201, Mhz Limit: 2803
Processor Information for processor 4
  Max Mhz: 2803, Current Mhz: 2803, Mhz Limit: 2803
Processor Information for processor 5
  Max Mhz: 2803, Current Mhz: 2803, Mhz Limit: 2803
Processor Information for processor 6
  Max Mhz: 2803, Current Mhz: 2803, Mhz Limit: 2803
Processor Information for processor 7
  Max Mhz: 2803, Current Mhz: 2803, Mhz Limit: 2803

Memory: 4k page, system-wide physical 7975M (167M free)
TotalPageFile size 32551M (AvailPageFile size 4M)
current process WorkingSet (physical memory assigned to process): 184M, peak: 241M
current process commit charge ("private bytes"): 312M, peak: 317M

vm_info: OpenJDK 64-Bit Server VM (21.0.7+6-LTS) for windows-amd64 JRE (21.0.7+6-LTS), built on 2025-04-15T00:00:00Z by "admin" with MS VC++ 17.7 (VS2022)

END.
